<?xml version="1.0" encoding="UTF-8"?>
<!-- Generated by org.testng.reporters.JUnitReportReporter -->
<testsuite hostname="TX60LP519037" failures="0" tests="1" name="karunyatest1.CBTAssign" time="0.098" errors="0" timestamp="29 Nov 2018 04:02:35 GMT" skipped="0">
  <testcase classname="karunyatest1.CBTAssign" name="VerifySignInBtnvisibility" time="0.098"/>
</testsuite> <!-- karunyatest1.CBTAssign -->
